<?xml version="1.0" encoding="UTF-8"?>
<!-- Generated by org.testng.reporters.JUnitReportReporter -->
<testsuite hostname="MAVLT1386" failures="0" tests="4" name="TestNGPackage.TestNG1" time="0.008" errors="0" timestamp="2021-12-02T15:14:57 AST" skipped="0">
  <testcase classname="TestNGPackage.TestNG1" name="testNG1" time="0.001"/>
  <system-out/>
  <testcase classname="TestNGPackage.TestNG1" name="testNG3" time="0.000"/>
  <system-out/>
  <testcase classname="TestNGPackage.TestNG1" name="testNG" time="0.006"/>
  <system-out/>
  <testcase classname="TestNGPackage.TestNG1" name="testNG2" time="0.001"/>
  <system-out/>
</testsuite> <!-- TestNGPackage.TestNG1 -->
