<?xml version="1.0" encoding="UTF-8"?>
<!-- Generated by org.testng.reporters.JUnitReportReporter -->
<testsuite hostname="MAVLT1386" failures="0" tests="3" name="TestNGPackage.DataProviders" time="0.011" errors="0" timestamp="2021-12-06T22:54:11 AST" skipped="0">
  <testcase classname="TestNGPackage.DataProviders" name="method" time="0.001"/>
  <system-out/>
  <testcase classname="TestNGPackage.DataProviders" name="method" time="0.001"/>
  <system-out/>
  <testcase classname="TestNGPackage.DataProviders" name="method" time="0.009"/>
  <system-out/>
</testsuite> <!-- TestNGPackage.DataProviders -->
