<?xml version="1.0" encoding="UTF-8"?>
<!-- Generated by org.testng.reporters.JUnitReportReporter -->
<testsuite hostname="MAVLT1386" failures="0" tests="2" name="TestNGPackage.Annotations" time="0.009" errors="0" timestamp="2021-12-06T21:46:45 AST" skipped="0">
  <testcase classname="TestNGPackage.Annotations" name="testNG2" time="0.007"/>
  <system-out/>
  <testcase classname="TestNGPackage.Annotations" name="testNG3" time="0.002"/>
  <system-out/>
</testsuite> <!-- TestNGPackage.Annotations -->
