<?xml version="1.0" encoding="UTF-8"?>
<!-- Generated by org.testng.reporters.JUnitReportReporter -->
<testsuite hostname="MAVLT1386" failures="0" tests="1" name="TestNGPackage.Grouping" time="0.010" errors="0" timestamp="2021-12-06T22:02:35 AST" skipped="0">
  <testcase classname="TestNGPackage.Grouping" name="football" time="0.010"/>
  <system-out/>
</testsuite> <!-- TestNGPackage.Grouping -->
